platforms/android/manifest-merger-release-report.txt
-- Merging decision tree log ---
manifest
ADDED from AndroidManifest.xml:2:1
	package
		ADDED from AndroidManifest.xml:2:102
	android:versionName
		ADDED from AndroidManifest.xml:2:74
	android:hardwareAccelerated
		ADDED from AndroidManifest.xml:2:11
	android:versionCode
		ADDED from AndroidManifest.xml:2:46
		INJECTED from AndroidManifest.xml:0:0
		INJECTED from AndroidManifest.xml:0:0
	xmlns:android
		ADDED from AndroidManifest.xml:2:134
supports-screens
ADDED from AndroidManifest.xml:3:5
	android:largeScreens
		ADDED from AndroidManifest.xml:3:49
	android:smallScreens
		ADDED from AndroidManifest.xml:3:132
	android:normalScreens
		ADDED from AndroidManifest.xml:3:77
	android:xlargeScreens
		ADDED from AndroidManifest.xml:3:160
	android:resizeable
		ADDED from AndroidManifest.xml:3:106
	android:anyDensity
		ADDED from AndroidManifest.xml:3:23
uses-permission#android.permission.INTERNET
ADDED from AndroidManifest.xml:4:5
	android:name
		ADDED from AndroidManifest.xml:4:22
application
ADDED from AndroidManifest.xml:5:5
	android:label
		ADDED from AndroidManifest.xml:5:83
	android:hardwareAccelerated
		ADDED from AndroidManifest.xml:5:18
	android:icon
		ADDED from AndroidManifest.xml:5:53
activity#com.MSR.KlinikKurtApp.CordovaApp
ADDED from AndroidManifest.xml:6:9
	android:screenOrientation
		ADDED from AndroidManifest.xml:6:192
	android:label
		ADDED from AndroidManifest.xml:6:97
	android:launchMode
		ADDED from AndroidManifest.xml:6:135
	android:windowSoftInputMode
		ADDED from AndroidManifest.xml:6:283
	android:configChanges
		ADDED from AndroidManifest.xml:6:19
	android:theme
		ADDED from AndroidManifest.xml:6:229
	android:name
		ADDED from AndroidManifest.xml:6:166
intent-filter#android.intent.action.MAIN+android.intent.category.LAUNCHER
ADDED from AndroidManifest.xml:7:13
	android:label
		ADDED from AndroidManifest.xml:7:28
action#android.intent.action.MAIN
ADDED from AndroidManifest.xml:8:17
	android:name
		ADDED from AndroidManifest.xml:8:25
category#android.intent.category.LAUNCHER
ADDED from AndroidManifest.xml:9:17
	android:name
		ADDED from AndroidManifest.xml:9:27
intent-filter#android.intent.category.DEFAULT+com.MSR.KlinikKurt.MESSAGE
ADDED from AndroidManifest.xml:11:13
action#com.MSR.KlinikKurt.MESSAGE
ADDED from AndroidManifest.xml:12:17
	android:name
		ADDED from AndroidManifest.xml:12:25
category#android.intent.category.DEFAULT
ADDED from AndroidManifest.xml:13:17
	android:name
		ADDED from AndroidManifest.xml:13:27
activity#com.arellomobile.android.push.PushWebview
ADDED from AndroidManifest.xml:16:9
	android:name
		ADDED from AndroidManifest.xml:16:19
activity#com.arellomobile.android.push.MessageActivity
ADDED from AndroidManifest.xml:17:9
	android:name
		ADDED from AndroidManifest.xml:17:19
activity#com.arellomobile.android.push.PushHandlerActivity
ADDED from AndroidManifest.xml:18:9
	android:name
		ADDED from AndroidManifest.xml:18:19
activity#com.facebook.LoginActivity
ADDED from AndroidManifest.xml:19:9
	android:label
		ADDED from AndroidManifest.xml:19:19
	android:name
		ADDED from AndroidManifest.xml:19:52
receiver#com.google.android.gcm.GCMBroadcastReceiver
ADDED from AndroidManifest.xml:20:9
	android:permission
		ADDED from AndroidManifest.xml:20:78
	android:name
		ADDED from AndroidManifest.xml:20:19
intent-filter#com.MSR.KlinikKurt+com.google.android.c2dm.intent.RECEIVE+com.google.android.c2dm.intent.REGISTRATION
ADDED from AndroidManifest.xml:21:13
action#com.google.android.c2dm.intent.RECEIVE
ADDED from AndroidManifest.xml:22:17
	android:name
		ADDED from AndroidManifest.xml:22:25
action#com.google.android.c2dm.intent.REGISTRATION
ADDED from AndroidManifest.xml:23:17
	android:name
		ADDED from AndroidManifest.xml:23:25
category#com.MSR.KlinikKurt
ADDED from AndroidManifest.xml:24:17
	android:name
		ADDED from AndroidManifest.xml:24:27
service#com.arellomobile.android.push.PushGCMIntentService
ADDED from AndroidManifest.xml:27:9
	android:name
		ADDED from AndroidManifest.xml:27:18
service#com.arellomobile.android.push.GeoLocationService
ADDED from AndroidManifest.xml:28:9
	android:name
		ADDED from AndroidManifest.xml:28:18
receiver#com.arellomobile.android.push.AlarmReceiver
ADDED from AndroidManifest.xml:29:9
	android:name
		ADDED from AndroidManifest.xml:29:19
uses-sdk
ADDED from AndroidManifest.xml:31:5
MERGED from android:CordovaLib:unspecified:25:5
	android:targetSdkVersion
		ADDED from AndroidManifest.xml:31:42
	android:minSdkVersion
		ADDED from AndroidManifest.xml:31:15
uses-permission#android.permission.ACCESS_NETWORK_STATE
ADDED from AndroidManifest.xml:32:5
	android:name
		ADDED from AndroidManifest.xml:32:22
uses-permission#android.permission.ACCESS_COARSE_LOCATION
ADDED from AndroidManifest.xml:33:5
	android:name
		ADDED from AndroidManifest.xml:33:22
uses-permission#android.permission.ACCESS_FINE_LOCATION
ADDED from AndroidManifest.xml:34:5
	android:name
		ADDED from AndroidManifest.xml:34:22
uses-permission#android.permission.VIBRATE
ADDED from AndroidManifest.xml:35:5
	android:name
		ADDED from AndroidManifest.xml:35:22
uses-permission#android.permission.WAKE_LOCK
ADDED from AndroidManifest.xml:36:5
	android:name
		ADDED from AndroidManifest.xml:36:22
uses-permission#android.permission.WRITE_EXTERNAL_STORAGE
ADDED from AndroidManifest.xml:37:5
	android:name
		ADDED from AndroidManifest.xml:37:22
permission#com.MSR.KlinikKurtApp.permission.C2D_MESSAGE
ADDED from AndroidManifest.xml:38:5
	android:protectionLevel
		ADDED from AndroidManifest.xml:38:77
	android:name
		ADDED from AndroidManifest.xml:38:17
uses-permission#com.MSR.KlinikKurt.permission.C2D_MESSAGE
ADDED from AndroidManifest.xml:39:5
	android:name
		ADDED from AndroidManifest.xml:39:22
uses-permission#com.google.android.c2dm.permission.RECEIVE
ADDED from AndroidManifest.xml:40:5
	android:name
		ADDED from AndroidManifest.xml:40:22